testgallery/build/intermediates/manifest_merge_blame_file/debug/processDebugMainManifest/manifest-merger-blame-debug-report.txt
1<?xml version="1.0" encoding="utf-8"?>
2<manifest xmlns:android="http://schemas.android.com/apk/res/android"
3    package="com.gb4pc.testgallery"
4    android:versionCode="1"
5    android:versionName="1.0.test" >
6
7    <uses-sdk
8        android:minSdkVersion="26"
9        android:targetSdkVersion="35" />
10
11    <!-- Required to read photos from MediaStore (API 33+). Granted via appops in CI. -->
12    <uses-permission android:name="android.permission.READ_MEDIA_IMAGES" />
12-->src/main/AndroidManifest.xml:5:5-76
12-->src/main/AndroidManifest.xml:5:22-73
13
14    <application
14-->src/main/AndroidManifest.xml:7:5-22:19
15        android:debuggable="true"
16        android:extractNativeLibs="false"
17        android:icon="@mipmap/ic_launcher"
17-->src/main/AndroidManifest.xml:9:9-43
18        android:label="test gallery app" >
18-->src/main/AndroidManifest.xml:8:9-41
19        <activity
19-->src/main/AndroidManifest.xml:11:9-21:20
20            android:name="com.gb4pc.testgallery.LastPhotoActivity"
20-->src/main/AndroidManifest.xml:12:13-46
21            android:exported="true" >
21-->src/main/AndroidManifest.xml:13:13-36
22
23            <!-- Respond to VIEW intent so GB4PC's overlay can launch it directly. -->
24            <intent-filter>
24-->src/main/AndroidManifest.xml:16:13-19:29
25                <action android:name="android.intent.action.MAIN" />
25-->src/main/AndroidManifest.xml:17:17-69
25-->src/main/AndroidManifest.xml:17:25-66
26
27                <category android:name="android.intent.category.LAUNCHER" />
27-->src/main/AndroidManifest.xml:18:17-77
27-->src/main/AndroidManifest.xml:18:27-74
28            </intent-filter>
29        </activity>
30    </application>
31
32</manifest>